Flow report for top_level_2
Fri Jun 01 02:30:40 2018
Quartus II 64-Bit Version 15.0.0 Build 145 04/22/2015 SJ Full Version


---------------------
; Table of Contents ;
---------------------
  1. Legal Notice
  2. Flow Summary
  3. Flow Settings
  4. Flow Non-Default Global Settings
  5. Flow Elapsed Time
  6. Flow OS Summary
  7. Flow Log
  8. Flow Messages
  9. Flow Suppressed Messages



----------------
; Legal Notice ;
----------------
Copyright (C) 1991-2015 Altera Corporation. All rights reserved.
Your use of Altera Corporation's design tools, logic functions 
and other software and tools, and its AMPP partner logic 
functions, and any output files from any of the foregoing 
(including device programming or simulation files), and any 
associated documentation or information are expressly subject 
to the terms and conditions of the Altera Program License 
Subscription Agreement, the Altera Quartus II License Agreement,
the Altera MegaCore Function License Agreement, or other 
applicable license agreement, including, without limitation, 
that your use is for the sole purpose of programming logic 
devices manufactured by Altera and sold by Altera or its 
authorized distributors.  Please refer to the applicable 
agreement for further details.



+----------------------------------------------------------------------------------+
; Flow Summary                                                                     ;
+------------------------------------+---------------------------------------------+
; Flow Status                        ; Successful - Fri Jun 01 02:30:19 2018       ;
; Quartus II 64-Bit Version          ; 15.0.0 Build 145 04/22/2015 SJ Full Version ;
; Revision Name                      ; top_level_2                                 ;
; Top-level Entity Name              ; top_level_module                            ;
; Family                             ; Cyclone IV E                                ;
; Device                             ; EP4CE115F29C7                               ;
; Timing Models                      ; Final                                       ;
; Total logic elements               ; 1,539 / 114,480 ( 1 % )                     ;
;     Total combinational functions  ; 1,444 / 114,480 ( 1 % )                     ;
;     Dedicated logic registers      ; 456 / 114,480 ( < 1 % )                     ;
; Total registers                    ; 456                                         ;
; Total pins                         ; 100 / 529 ( 19 % )                          ;
; Total virtual pins                 ; 0                                           ;
; Total memory bits                  ; 2,099,200 / 3,981,312 ( 53 % )              ;
; Embedded Multiplier 9-bit elements ; 2 / 532 ( < 1 % )                           ;
; Total PLLs                         ; 1 / 4 ( 25 % )                              ;
+------------------------------------+---------------------------------------------+


+-----------------------------------------+
; Flow Settings                           ;
+-------------------+---------------------+
; Option            ; Setting             ;
+-------------------+---------------------+
; Start date & time ; 06/01/2018 02:26:48 ;
; Main task         ; Compilation         ;
; Revision Name     ; top_level_2         ;
+-------------------+---------------------+


+-----------------------------------------------------------------------------------------------------------------------------+
; Flow Non-Default Global Settings                                                                                            ;
+-------------------------------------+---------------------------------------+---------------+------------------+------------+
; Assignment Name                     ; Value                                 ; Default Value ; Entity Name      ; Section Id ;
+-------------------------------------+---------------------------------------+---------------+------------------+------------+
; COMPILER_SIGNATURE_ID               ; 184849020521419.152780020806332       ; --            ; --               ; --         ;
; MAX_CORE_JUNCTION_TEMP              ; 85                                    ; --            ; --               ; --         ;
; MIN_CORE_JUNCTION_TEMP              ; 0                                     ; --            ; --               ; --         ;
; MISC_FILE                           ; pll_25mhz_bb.v                        ; --            ; --               ; --         ;
; MISC_FILE                           ; pll_25mhz.ppf                         ; --            ; --               ; --         ;
; PARTITION_COLOR                     ; 16764057                              ; --            ; top_level_module ; Top        ;
; PARTITION_FITTER_PRESERVATION_LEVEL ; PLACEMENT_AND_ROUTING                 ; --            ; top_level_module ; Top        ;
; PARTITION_NETLIST_TYPE              ; SOURCE                                ; --            ; top_level_module ; Top        ;
; POWER_BOARD_THERMAL_MODEL           ; None (CONSERVATIVE)                   ; --            ; --               ; --         ;
; POWER_PRESET_COOLING_SOLUTION       ; 23 MM HEAT SINK WITH 200 LFPM AIRFLOW ; --            ; --               ; --         ;
; TOP_LEVEL_ENTITY                    ; top_level_module                      ; top_level_2   ; --               ; --         ;
+-------------------------------------+---------------------------------------+---------------+------------------+------------+


+-------------------------------------------------------------------------------------------------------------------------------+
; Flow Elapsed Time                                                                                                             ;
+---------------------------+--------------+-------------------------+---------------------+------------------------------------+
; Module Name               ; Elapsed Time ; Average Processors Used ; Peak Virtual Memory ; Total CPU Time (on all processors) ;
+---------------------------+--------------+-------------------------+---------------------+------------------------------------+
; Analysis & Synthesis      ; 00:00:33     ; 1.0                     ; 782 MB              ; 00:00:49                           ;
; Fitter                    ; 00:02:37     ; 1.5                     ; 1493 MB             ; 00:02:40                           ;
; Assembler                 ; 00:00:08     ; 1.0                     ; 687 MB              ; 00:00:06                           ;
; TimeQuest Timing Analyzer ; 00:00:18     ; 1.3                     ; 876 MB              ; 00:00:14                           ;
; Total                     ; 00:03:36     ; --                      ; --                  ; 00:03:49                           ;
+---------------------------+--------------+-------------------------+---------------------+------------------------------------+


+----------------------------------------------------------------------------------------+
; Flow OS Summary                                                                        ;
+---------------------------+------------------+-----------+------------+----------------+
; Module Name               ; Machine Hostname ; OS Name   ; OS Version ; Processor type ;
+---------------------------+------------------+-----------+------------+----------------+
; Analysis & Synthesis      ; DESKTOP-GHB7LP2  ; Windows 7 ; 6.2        ; x86_64         ;
; Fitter                    ; DESKTOP-GHB7LP2  ; Windows 7 ; 6.2        ; x86_64         ;
; Assembler                 ; DESKTOP-GHB7LP2  ; Windows 7 ; 6.2        ; x86_64         ;
; TimeQuest Timing Analyzer ; DESKTOP-GHB7LP2  ; Windows 7 ; 6.2        ; x86_64         ;
+---------------------------+------------------+-----------+------------+----------------+


------------
; Flow Log ;
------------
quartus_map --read_settings_files=on --write_settings_files=off top_level_2 -c top_level_2
quartus_fit --read_settings_files=off --write_settings_files=off top_level_2 -c top_level_2
quartus_asm --read_settings_files=off --write_settings_files=off top_level_2 -c top_level_2
quartus_sta top_level_2 -c top_level_2



